packages/expo-dev-launcher/android/build/intermediates/manifest_merge_blame_file/debug/manifest-merger-blame-debug-report.txt
1<?xml version="1.0" encoding="utf-8"?>
2<manifest xmlns:android="http://schemas.android.com/apk/res/android"
3    package="expo.modules.devlauncher"
4    android:versionCode="9"
5    android:versionName="0.2.0" >
6
7    <uses-sdk
8        android:minSdkVersion="21"
8-->src/main/AndroidManifest.xml
9        android:targetSdkVersion="30" />
9-->src/main/AndroidManifest.xml
10
11    <application>
11-->src/main/AndroidManifest.xml:4:3-9:17
12        <activity
12-->src/main/AndroidManifest.xml:5:5-8:56
13            android:name="expo.modules.devlauncher.launcher.DevLauncherActivity"
13-->src/main/AndroidManifest.xml:6:7-75
14            android:screenOrientation="portrait"
14-->src/main/AndroidManifest.xml:7:7-43
15            android:theme="@style/Theme.DevelopmentClient" />
15-->src/main/AndroidManifest.xml:8:7-53
16    </application>
17
18</manifest>